<?xml version="1.0" encoding="UTF-8"?>
<!-- Generated by org.testng.reporters.JUnitXMLReporter -->
<testsuite ignored="0" hostname="SUDHEER" failures="0" tests="3" name="Test" time="220.074" errors="0" timestamp="2022-04-21T07:35:09 NZST">
  <testcase classname="academ.valiadteTitle" name="basePageNavigation" time="3.292"/>
  <testcase classname="academ.validateNavigation" name="basePageNavigation" time="3.296"/>
  <testcase classname="academ.HomePage" name="basePageNavigation" time="6.551"/>
</testsuite> <!-- Test -->
