<?xml version="1.0" encoding="UTF-8"?>
<!-- Generated by org.testng.reporters.JUnitXMLReporter -->
<testsuite hostname="SUDHEER" ignored="0" name="Test" tests="3" failures="0" timestamp="2022-04-22T09:55:16 NZST" time="226.782" errors="0">
  <testcase name="basePageNavigation" time="3.517" classname="academ.valiadteTitle"/>
  <testcase name="basePageNavigation" time="3.678" classname="academ.validateNavigation"/>
  <testcase name="basePageNavigation" time="8.456" classname="academ.HomePage"/>
</testsuite> <!-- Test -->
