<?xml version="1.0" encoding="UTF-8"?>
<testng-results ignored="0" total="1" passed="1" failed="0" skipped="0">
  <reporter-output>
  </reporter-output>
  <suite started-at="2022-04-22T14:59:32 NZST" name="Default suite" finished-at="2022-04-22T15:00:29 NZST" duration-ms="56988">
    <groups>
    </groups>
    <test started-at="2022-04-22T14:59:32 NZST" name="Default test" finished-at="2022-04-22T15:00:29 NZST" duration-ms="56988">
      <class name="academ.HomePage">
        <test-method is-config="true" signature="initializeDrive()[pri:0, instance:academ.HomePage@72a85671]" started-at="2022-04-22T14:59:32 NZST" name="initializeDrive" finished-at="2022-04-22T15:00:19 NZST" duration-ms="46109" status="PASS">
          <reporter-output>
          </reporter-output>
        </test-method> <!-- initializeDrive -->
        <test-method signature="basePageNavigation(java.lang.String,java.lang.String)[pri:0, instance:academ.HomePage@72a85671]" started-at="2022-04-22T15:00:19 NZST" name="basePageNavigation" data-provider="InputData" finished-at="2022-04-22T15:00:28 NZST" duration-ms="9430" status="PASS">
          <params>
            <param index="0">
              <value>
                <![CDATA[nonrestricteduser]]>
              </value>
            </param>
            <param index="1">
              <value>
                <![CDATA[12345]]>
              </value>
            </param>
          </params>
          <reporter-output>
          </reporter-output>
        </test-method> <!-- basePageNavigation -->
        <test-method is-config="true" signature="teardown()[pri:0, instance:academ.HomePage@72a85671]" started-at="2022-04-22T15:00:28 NZST" name="teardown" finished-at="2022-04-22T15:00:29 NZST" duration-ms="1351" status="PASS">
          <reporter-output>
          </reporter-output>
        </test-method> <!-- teardown -->
      </class> <!-- academ.HomePage -->
    </test> <!-- Default test -->
  </suite> <!-- Default suite -->
</testng-results>
